<?xml version="1.0" encoding="UTF-8"?>
<!-- Generated by org.testng.reporters.JUnitReportReporter -->
<testsuite hostname="DESKTOP-CSEE483" failures="0" tests="1" name="Get404" time="1.951" errors="0" timestamp="05 Nov 2021 02:10:59 GMT" skipped="0">
  <testcase classname="Get404" name="nonExistingUrlReturns404" time="1.951"/>
</testsuite> <!-- Get404 -->
