<?xml version="1.0" encoding="UTF-8"?>
<!-- Generated by org.testng.reporters.JUnitReportReporter -->
<testsuite hostname="DESKTOP-CSEE483" failures="0" tests="3" name="Get401" time="4.507" errors="0" timestamp="2021-11-05T13:15:33 IST" skipped="0">
  <testcase classname="Get401" name="userReturns401" time="1.279"/>
  <system-out/>
  <testcase classname="Get401" name="userReturns401" time="1.694"/>
  <system-out/>
  <testcase classname="Get401" name="userReturns401" time="1.534"/>
  <system-out/>
</testsuite> <!-- Get401 -->
