<?xml version="1.0" encoding="UTF-8"?>
<!-- Generated by org.testng.reporters.JUnitReportReporter -->
<testsuite hostname="DESKTOP-CSEE483" failures="0" tests="3" name="Get200" time="3.868" errors="0" timestamp="05 Nov 2021 02:03:31 GMT" skipped="0">
  <testcase classname="Get200" name="baseUrlReturn200" time="1.206"/>
  <testcase classname="Get200" name="rateTimeReturn200" time="0.752"/>
  <testcase classname="Get200" name="searchReposReturn200" time="1.910"/>
</testsuite> <!-- Get200 -->
